<?xml version="1.0" encoding="UTF-8"?>
<testng-results ignored="0" total="13" passed="7" failed="6" skipped="0">
  <reporter-output>
  </reporter-output>
  <suite started-at="2021-03-18T05:07:48Z" name="Gunda_Lab06NGTesting" finished-at="2021-03-18T05:07:48Z" duration-ms="288">
    <groups>
    </groups>
    <test started-at="2021-03-18T05:07:48Z" name="TestNG tests" finished-at="2021-03-18T05:07:48Z" duration-ms="288">
      <class name="banking.AccountNGTest">
        <test-method is-config="true" signature="setUpClass()[pri:0, instance:banking.AccountNGTest@1f1c7bf6]" started-at="2021-03-18T05:07:48Z" name="setUpClass" finished-at="2021-03-18T05:07:48Z" duration-ms="11" status="PASS">
          <reporter-output>
          </reporter-output>
        </test-method> <!-- setUpClass -->
        <test-method is-config="true" signature="setUpMethod()[pri:0, instance:banking.AccountNGTest@1f1c7bf6]" started-at="2021-03-18T05:07:48Z" name="setUpMethod" finished-at="2021-03-18T05:07:48Z" duration-ms="0" status="PASS">
          <reporter-output>
          </reporter-output>
        </test-method> <!-- setUpMethod -->
        <test-method signature="testGenerateStatement()[pri:0, instance:banking.AccountNGTest@1f1c7bf6]" started-at="2021-03-18T05:07:48Z" name="testGenerateStatement" finished-at="2021-03-18T05:07:48Z" duration-ms="67" status="FAIL">
          <exception class="java.lang.AssertionError">
            <message>
              <![CDATA[expected [Name:Stark, Anthony
Date of Birth: 02/22/1982
Account Number: 4567890123
Account Information:-â€ƒ â€ƒ Interest Rate: 5.80%
Transaction Limit for withdrawal: No Limit
-------------------------------------------------------------------------------
Transaction Typeâ€ƒ â€ƒ â€ƒ Transaction Timeâ€ƒ â€ƒ Amountâ€ƒ â€ƒ Additional Chargesâ€ƒ â€ƒ Status
-------------------------------------------------------------------------------
Current Balance:           0.00 Interest: $0.00
] but found [Name:  Stark, Anthony
Date of Birth:02/22/1982

Account Number: +4567890123

Account Information:Interest rate:  %
Transaction Limit For Withdrawal:No Limit 
-------------------------------------------------------------------------------
Transaction Type      Transaction Time    Amount    Additional Charges    Status
----------------------------------
currentBal:0.0 Interest: $0.00]]]>
            </message>
            <full-stacktrace>
              <![CDATA[java.lang.AssertionError: expected [Name:Stark, Anthony
Date of Birth: 02/22/1982
Account Number: 4567890123
Account Information:-â€ƒ â€ƒ Interest Rate: 5.80%
Transaction Limit for withdrawal: No Limit
-------------------------------------------------------------------------------
Transaction Typeâ€ƒ â€ƒ â€ƒ Transaction Timeâ€ƒ â€ƒ Amountâ€ƒ â€ƒ Additional Chargesâ€ƒ â€ƒ Status
-------------------------------------------------------------------------------
Current Balance:           0.00 Interest: $0.00
] but found [Name:  Stark, Anthony
Date of Birth:02/22/1982

Account Number: +4567890123

Account Information:Interest rate:  %
Transaction Limit For Withdrawal:No Limit 
-------------------------------------------------------------------------------
Transaction Type      Transaction Time    Amount    Additional Charges    Status
----------------------------------
currentBal:0.0 Interest: $0.00]
at org.testng.Assert.fail(Assert.java:96)
at org.testng.Assert.failNotEquals(Assert.java:776)
at org.testng.Assert.assertEqualsImpl(Assert.java:137)
at org.testng.Assert.assertEquals(Assert.java:118)
at org.testng.Assert.assertEquals(Assert.java:453)
at org.testng.Assert.assertEquals(Assert.java:463)
at banking.AccountNGTest.testGenerateStatement(AccountNGTest.java:196)
at java.base/jdk.internal.reflect.NativeMethodAccessorImpl.invoke0(Native Method)
at java.base/jdk.internal.reflect.NativeMethodAccessorImpl.invoke(NativeMethodAccessorImpl.java:62)
at java.base/jdk.internal.reflect.DelegatingMethodAccessorImpl.invoke(DelegatingMethodAccessorImpl.java:43)
at java.base/java.lang.reflect.Method.invoke(Method.java:566)
at org.testng.internal.MethodInvocationHelper.invokeMethod(MethodInvocationHelper.java:124)
at org.testng.internal.Invoker.invokeMethod(Invoker.java:583)
at org.testng.internal.Invoker.invokeTestMethod(Invoker.java:719)
at org.testng.internal.Invoker.invokeTestMethods(Invoker.java:989)
at org.testng.internal.TestMethodWorker.invokeTestMethods(TestMethodWorker.java:125)
at org.testng.internal.TestMethodWorker.run(TestMethodWorker.java:109)
at org.testng.TestRunner.privateRun(TestRunner.java:648)
at org.testng.TestRunner.run(TestRunner.java:505)
at org.testng.SuiteRunner.runTest(SuiteRunner.java:455)
at org.testng.SuiteRunner.runSequentially(SuiteRunner.java:450)
at org.testng.SuiteRunner.privateRun(SuiteRunner.java:415)
at org.testng.SuiteRunner.run(SuiteRunner.java:364)
at org.testng.SuiteRunnerWorker.runSuite(SuiteRunnerWorker.java:52)
at org.testng.SuiteRunnerWorker.run(SuiteRunnerWorker.java:84)
at org.testng.TestNG.runSuitesSequentially(TestNG.java:1208)
at org.testng.TestNG.runSuitesLocally(TestNG.java:1137)
at org.testng.TestNG.runSuites(TestNG.java:1049)
at org.testng.TestNG.run(TestNG.java:1017)
at org.testng.TestNG.privateMain(TestNG.java:1354)
at org.testng.TestNG.main(TestNG.java:1323)
]]>
            </full-stacktrace>
          </exception> <!-- java.lang.AssertionError -->
          <reporter-output>
          </reporter-output>
        </test-method> <!-- testGenerateStatement -->
        <test-method is-config="true" signature="setUpMethod()[pri:0, instance:banking.AccountNGTest@1f1c7bf6]" started-at="2021-03-18T05:07:48Z" name="setUpMethod" finished-at="2021-03-18T05:07:48Z" duration-ms="1" status="PASS">
          <reporter-output>
          </reporter-output>
        </test-method> <!-- setUpMethod -->
        <test-method is-config="true" signature="tearDownMethod()[pri:0, instance:banking.AccountNGTest@1f1c7bf6]" started-at="2021-03-18T05:07:48Z" name="tearDownMethod" finished-at="2021-03-18T05:07:48Z" duration-ms="0" status="PASS">
          <reporter-output>
          </reporter-output>
        </test-method> <!-- tearDownMethod -->
        <test-method is-config="true" signature="tearDownMethod()[pri:0, instance:banking.AccountNGTest@1f1c7bf6]" started-at="2021-03-18T05:07:48Z" name="tearDownMethod" finished-at="2021-03-18T05:07:48Z" duration-ms="0" status="PASS">
          <reporter-output>
          </reporter-output>
        </test-method> <!-- tearDownMethod -->
        <test-method signature="testGetAccountNumber()[pri:0, instance:banking.AccountNGTest@1f1c7bf6]" started-at="2021-03-18T05:07:48Z" name="testGetAccountNumber" finished-at="2021-03-18T05:07:48Z" duration-ms="0" status="PASS">
          <reporter-output>
          </reporter-output>
        </test-method> <!-- testGetAccountNumber -->
        <test-method is-config="true" signature="setUpMethod()[pri:0, instance:banking.AccountNGTest@1f1c7bf6]" started-at="2021-03-18T05:07:48Z" name="setUpMethod" finished-at="2021-03-18T05:07:48Z" duration-ms="0" status="PASS">
          <reporter-output>
          </reporter-output>
        </test-method> <!-- setUpMethod -->
        <test-method is-config="true" signature="tearDownMethod()[pri:0, instance:banking.AccountNGTest@1f1c7bf6]" started-at="2021-03-18T05:07:48Z" name="tearDownMethod" finished-at="2021-03-18T05:07:48Z" duration-ms="0" status="PASS">
          <reporter-output>
          </reporter-output>
        </test-method> <!-- tearDownMethod -->
        <test-method signature="testGetBalance()[pri:0, instance:banking.AccountNGTest@1f1c7bf6]" started-at="2021-03-18T05:07:48Z" name="testGetBalance" finished-at="2021-03-18T05:07:48Z" duration-ms="0" status="PASS">
          <reporter-output>
          </reporter-output>
        </test-method> <!-- testGetBalance -->
        <test-method is-config="true" signature="tearDownMethod()[pri:0, instance:banking.AccountNGTest@1f1c7bf6]" started-at="2021-03-18T05:07:48Z" name="tearDownMethod" finished-at="2021-03-18T05:07:48Z" duration-ms="0" status="PASS">
          <reporter-output>
          </reporter-output>
        </test-method> <!-- tearDownMethod -->
        <test-method is-config="true" signature="setUpMethod()[pri:0, instance:banking.AccountNGTest@1f1c7bf6]" started-at="2021-03-18T05:07:48Z" name="setUpMethod" finished-at="2021-03-18T05:07:48Z" duration-ms="0" status="PASS">
          <reporter-output>
          </reporter-output>
        </test-method> <!-- setUpMethod -->
        <test-method signature="testGetCustomer()[pri:0, instance:banking.AccountNGTest@1f1c7bf6]" started-at="2021-03-18T05:07:48Z" name="testGetCustomer" finished-at="2021-03-18T05:07:48Z" duration-ms="0" status="PASS">
          <reporter-output>
          </reporter-output>
        </test-method> <!-- testGetCustomer -->
        <test-method is-config="true" signature="setUpMethod()[pri:0, instance:banking.AccountNGTest@1f1c7bf6]" started-at="2021-03-18T05:07:48Z" name="setUpMethod" finished-at="2021-03-18T05:07:48Z" duration-ms="0" status="PASS">
          <reporter-output>
          </reporter-output>
        </test-method> <!-- setUpMethod -->
        <test-method signature="testGetNoofWithdrawals()[pri:0, instance:banking.AccountNGTest@1f1c7bf6]" started-at="2021-03-18T05:07:48Z" name="testGetNoofWithdrawals" finished-at="2021-03-18T05:07:48Z" duration-ms="25" status="PASS">
          <reporter-output>
          </reporter-output>
        </test-method> <!-- testGetNoofWithdrawals -->
        <test-method is-config="true" signature="tearDownMethod()[pri:0, instance:banking.AccountNGTest@1f1c7bf6]" started-at="2021-03-18T05:07:48Z" name="tearDownMethod" finished-at="2021-03-18T05:07:48Z" duration-ms="1" status="PASS">
          <reporter-output>
          </reporter-output>
        </test-method> <!-- tearDownMethod -->
        <test-method is-config="true" signature="setUpMethod()[pri:0, instance:banking.AccountNGTest@1f1c7bf6]" started-at="2021-03-18T05:07:48Z" name="setUpMethod" finished-at="2021-03-18T05:07:48Z" duration-ms="1" status="PASS">
          <reporter-output>
          </reporter-output>
        </test-method> <!-- setUpMethod -->
        <test-method signature="testGetTransaction()[pri:0, instance:banking.AccountNGTest@1f1c7bf6]" started-at="2021-03-18T05:07:48Z" name="testGetTransaction" finished-at="2021-03-18T05:07:48Z" duration-ms="1" status="PASS">
          <reporter-output>
          </reporter-output>
        </test-method> <!-- testGetTransaction -->
        <test-method is-config="true" signature="tearDownMethod()[pri:0, instance:banking.AccountNGTest@1f1c7bf6]" started-at="2021-03-18T05:07:48Z" name="tearDownMethod" finished-at="2021-03-18T05:07:48Z" duration-ms="0" status="PASS">
          <reporter-output>
          </reporter-output>
        </test-method> <!-- tearDownMethod -->
        <test-method is-config="true" signature="setUpMethod()[pri:0, instance:banking.AccountNGTest@1f1c7bf6]" started-at="2021-03-18T05:07:48Z" name="setUpMethod" finished-at="2021-03-18T05:07:48Z" duration-ms="1" status="PASS">
          <reporter-output>
          </reporter-output>
        </test-method> <!-- setUpMethod -->
        <test-method signature="testIsHasLimitedWithdrawals()[pri:0, instance:banking.AccountNGTest@1f1c7bf6]" started-at="2021-03-18T05:07:48Z" name="testIsHasLimitedWithdrawals" finished-at="2021-03-18T05:07:48Z" duration-ms="1" status="PASS">
          <reporter-output>
          </reporter-output>
        </test-method> <!-- testIsHasLimitedWithdrawals -->
        <test-method is-config="true" signature="tearDownMethod()[pri:0, instance:banking.AccountNGTest@1f1c7bf6]" started-at="2021-03-18T05:07:48Z" name="tearDownMethod" finished-at="2021-03-18T05:07:48Z" duration-ms="1" status="PASS">
          <reporter-output>
          </reporter-output>
        </test-method> <!-- tearDownMethod -->
        <test-method is-config="true" signature="setUpMethod()[pri:0, instance:banking.AccountNGTest@1f1c7bf6]" started-at="2021-03-18T05:07:48Z" name="setUpMethod" finished-at="2021-03-18T05:07:48Z" duration-ms="1" status="PASS">
          <reporter-output>
          </reporter-output>
        </test-method> <!-- setUpMethod -->
        <test-method signature="testMakeTransaction()[pri:0, instance:banking.AccountNGTest@1f1c7bf6]" started-at="2021-03-18T05:07:48Z" name="testMakeTransaction" finished-at="2021-03-18T05:07:48Z" duration-ms="4" status="PASS">
          <reporter-output>
          </reporter-output>
        </test-method> <!-- testMakeTransaction -->
        <test-method is-config="true" signature="tearDownMethod()[pri:0, instance:banking.AccountNGTest@1f1c7bf6]" started-at="2021-03-18T05:07:48Z" name="tearDownMethod" finished-at="2021-03-18T05:07:48Z" duration-ms="1" status="PASS">
          <reporter-output>
          </reporter-output>
        </test-method> <!-- tearDownMethod -->
        <test-method is-config="true" signature="setUpMethod()[pri:0, instance:banking.AccountNGTest@1f1c7bf6]" started-at="2021-03-18T05:07:48Z" name="setUpMethod" finished-at="2021-03-18T05:07:48Z" duration-ms="1" status="PASS">
          <reporter-output>
          </reporter-output>
        </test-method> <!-- setUpMethod -->
        <test-method signature="testSetAccountNumber()[pri:0, instance:banking.AccountNGTest@1f1c7bf6]" started-at="2021-03-18T05:07:48Z" name="testSetAccountNumber" finished-at="2021-03-18T05:07:48Z" duration-ms="1" status="FAIL">
          <exception class="java.lang.NullPointerException">
            <full-stacktrace>
              <![CDATA[java.lang.NullPointerException
at banking.AccountNGTest.testSetAccountNumber(AccountNGTest.java:63)
at java.base/jdk.internal.reflect.NativeMethodAccessorImpl.invoke0(Native Method)
at java.base/jdk.internal.reflect.NativeMethodAccessorImpl.invoke(NativeMethodAccessorImpl.java:62)
at java.base/jdk.internal.reflect.DelegatingMethodAccessorImpl.invoke(DelegatingMethodAccessorImpl.java:43)
at java.base/java.lang.reflect.Method.invoke(Method.java:566)
at org.testng.internal.MethodInvocationHelper.invokeMethod(MethodInvocationHelper.java:124)
at org.testng.internal.Invoker.invokeMethod(Invoker.java:583)
at org.testng.internal.Invoker.invokeTestMethod(Invoker.java:719)
at org.testng.internal.Invoker.invokeTestMethods(Invoker.java:989)
at org.testng.internal.TestMethodWorker.invokeTestMethods(TestMethodWorker.java:125)
at org.testng.internal.TestMethodWorker.run(TestMethodWorker.java:109)
at org.testng.TestRunner.privateRun(TestRunner.java:648)
at org.testng.TestRunner.run(TestRunner.java:505)
at org.testng.SuiteRunner.runTest(SuiteRunner.java:455)
at org.testng.SuiteRunner.runSequentially(SuiteRunner.java:450)
at org.testng.SuiteRunner.privateRun(SuiteRunner.java:415)
at org.testng.SuiteRunner.run(SuiteRunner.java:364)
at org.testng.SuiteRunnerWorker.runSuite(SuiteRunnerWorker.java:52)
at org.testng.SuiteRunnerWorker.run(SuiteRunnerWorker.java:84)
at org.testng.TestNG.runSuitesSequentially(TestNG.java:1208)
at org.testng.TestNG.runSuitesLocally(TestNG.java:1137)
at org.testng.TestNG.runSuites(TestNG.java:1049)
at org.testng.TestNG.run(TestNG.java:1017)
at org.testng.TestNG.privateMain(TestNG.java:1354)
at org.testng.TestNG.main(TestNG.java:1323)
]]>
            </full-stacktrace>
          </exception> <!-- java.lang.NullPointerException -->
          <reporter-output>
          </reporter-output>
        </test-method> <!-- testSetAccountNumber -->
        <test-method is-config="true" signature="tearDownMethod()[pri:0, instance:banking.AccountNGTest@1f1c7bf6]" started-at="2021-03-18T05:07:48Z" name="tearDownMethod" finished-at="2021-03-18T05:07:48Z" duration-ms="1" status="PASS">
          <reporter-output>
          </reporter-output>
        </test-method> <!-- tearDownMethod -->
        <test-method is-config="true" signature="setUpMethod()[pri:0, instance:banking.AccountNGTest@1f1c7bf6]" started-at="2021-03-18T05:07:48Z" name="setUpMethod" finished-at="2021-03-18T05:07:48Z" duration-ms="1" status="PASS">
          <reporter-output>
          </reporter-output>
        </test-method> <!-- setUpMethod -->
        <test-method signature="testSetBalance()[pri:0, instance:banking.AccountNGTest@1f1c7bf6]" started-at="2021-03-18T05:07:48Z" name="testSetBalance" finished-at="2021-03-18T05:07:48Z" duration-ms="2" status="FAIL">
          <exception class="java.lang.NullPointerException">
            <full-stacktrace>
              <![CDATA[java.lang.NullPointerException
at banking.AccountNGTest.testSetBalance(AccountNGTest.java:115)
at java.base/jdk.internal.reflect.NativeMethodAccessorImpl.invoke0(Native Method)
at java.base/jdk.internal.reflect.NativeMethodAccessorImpl.invoke(NativeMethodAccessorImpl.java:62)
at java.base/jdk.internal.reflect.DelegatingMethodAccessorImpl.invoke(DelegatingMethodAccessorImpl.java:43)
at java.base/java.lang.reflect.Method.invoke(Method.java:566)
at org.testng.internal.MethodInvocationHelper.invokeMethod(MethodInvocationHelper.java:124)
at org.testng.internal.Invoker.invokeMethod(Invoker.java:583)
at org.testng.internal.Invoker.invokeTestMethod(Invoker.java:719)
at org.testng.internal.Invoker.invokeTestMethods(Invoker.java:989)
at org.testng.internal.TestMethodWorker.invokeTestMethods(TestMethodWorker.java:125)
at org.testng.internal.TestMethodWorker.run(TestMethodWorker.java:109)
at org.testng.TestRunner.privateRun(TestRunner.java:648)
at org.testng.TestRunner.run(TestRunner.java:505)
at org.testng.SuiteRunner.runTest(SuiteRunner.java:455)
at org.testng.SuiteRunner.runSequentially(SuiteRunner.java:450)
at org.testng.SuiteRunner.privateRun(SuiteRunner.java:415)
at org.testng.SuiteRunner.run(SuiteRunner.java:364)
at org.testng.SuiteRunnerWorker.runSuite(SuiteRunnerWorker.java:52)
at org.testng.SuiteRunnerWorker.run(SuiteRunnerWorker.java:84)
at org.testng.TestNG.runSuitesSequentially(TestNG.java:1208)
at org.testng.TestNG.runSuitesLocally(TestNG.java:1137)
at org.testng.TestNG.runSuites(TestNG.java:1049)
at org.testng.TestNG.run(TestNG.java:1017)
at org.testng.TestNG.privateMain(TestNG.java:1354)
at org.testng.TestNG.main(TestNG.java:1323)
]]>
            </full-stacktrace>
          </exception> <!-- java.lang.NullPointerException -->
          <reporter-output>
          </reporter-output>
        </test-method> <!-- testSetBalance -->
        <test-method is-config="true" signature="tearDownMethod()[pri:0, instance:banking.AccountNGTest@1f1c7bf6]" started-at="2021-03-18T05:07:48Z" name="tearDownMethod" finished-at="2021-03-18T05:07:48Z" duration-ms="2" status="PASS">
          <reporter-output>
          </reporter-output>
        </test-method> <!-- tearDownMethod -->
        <test-method is-config="true" signature="setUpMethod()[pri:0, instance:banking.AccountNGTest@1f1c7bf6]" started-at="2021-03-18T05:07:48Z" name="setUpMethod" finished-at="2021-03-18T05:07:48Z" duration-ms="1" status="PASS">
          <reporter-output>
          </reporter-output>
        </test-method> <!-- setUpMethod -->
        <test-method signature="testSetCustomer()[pri:0, instance:banking.AccountNGTest@1f1c7bf6]" started-at="2021-03-18T05:07:48Z" name="testSetCustomer" finished-at="2021-03-18T05:07:48Z" duration-ms="36" status="FAIL">
          <exception class="java.lang.NullPointerException">
            <full-stacktrace>
              <![CDATA[java.lang.NullPointerException
at banking.AccountNGTest.testSetCustomer(AccountNGTest.java:89)
at java.base/jdk.internal.reflect.NativeMethodAccessorImpl.invoke0(Native Method)
at java.base/jdk.internal.reflect.NativeMethodAccessorImpl.invoke(NativeMethodAccessorImpl.java:62)
at java.base/jdk.internal.reflect.DelegatingMethodAccessorImpl.invoke(DelegatingMethodAccessorImpl.java:43)
at java.base/java.lang.reflect.Method.invoke(Method.java:566)
at org.testng.internal.MethodInvocationHelper.invokeMethod(MethodInvocationHelper.java:124)
at org.testng.internal.Invoker.invokeMethod(Invoker.java:583)
at org.testng.internal.Invoker.invokeTestMethod(Invoker.java:719)
at org.testng.internal.Invoker.invokeTestMethods(Invoker.java:989)
at org.testng.internal.TestMethodWorker.invokeTestMethods(TestMethodWorker.java:125)
at org.testng.internal.TestMethodWorker.run(TestMethodWorker.java:109)
at org.testng.TestRunner.privateRun(TestRunner.java:648)
at org.testng.TestRunner.run(TestRunner.java:505)
at org.testng.SuiteRunner.runTest(SuiteRunner.java:455)
at org.testng.SuiteRunner.runSequentially(SuiteRunner.java:450)
at org.testng.SuiteRunner.privateRun(SuiteRunner.java:415)
at org.testng.SuiteRunner.run(SuiteRunner.java:364)
at org.testng.SuiteRunnerWorker.runSuite(SuiteRunnerWorker.java:52)
at org.testng.SuiteRunnerWorker.run(SuiteRunnerWorker.java:84)
at org.testng.TestNG.runSuitesSequentially(TestNG.java:1208)
at org.testng.TestNG.runSuitesLocally(TestNG.java:1137)
at org.testng.TestNG.runSuites(TestNG.java:1049)
at org.testng.TestNG.run(TestNG.java:1017)
at org.testng.TestNG.privateMain(TestNG.java:1354)
at org.testng.TestNG.main(TestNG.java:1323)
]]>
            </full-stacktrace>
          </exception> <!-- java.lang.NullPointerException -->
          <reporter-output>
          </reporter-output>
        </test-method> <!-- testSetCustomer -->
        <test-method is-config="true" signature="tearDownMethod()[pri:0, instance:banking.AccountNGTest@1f1c7bf6]" started-at="2021-03-18T05:07:48Z" name="tearDownMethod" finished-at="2021-03-18T05:07:48Z" duration-ms="1" status="PASS">
          <reporter-output>
          </reporter-output>
        </test-method> <!-- tearDownMethod -->
        <test-method is-config="true" signature="setUpMethod()[pri:0, instance:banking.AccountNGTest@1f1c7bf6]" started-at="2021-03-18T05:07:48Z" name="setUpMethod" finished-at="2021-03-18T05:07:48Z" duration-ms="0" status="PASS">
          <reporter-output>
          </reporter-output>
        </test-method> <!-- setUpMethod -->
        <test-method signature="testSetHasLimitedWithdrawals()[pri:0, instance:banking.AccountNGTest@1f1c7bf6]" started-at="2021-03-18T05:07:48Z" name="testSetHasLimitedWithdrawals" finished-at="2021-03-18T05:07:48Z" duration-ms="0" status="FAIL">
          <exception class="java.lang.NullPointerException">
            <full-stacktrace>
              <![CDATA[java.lang.NullPointerException
at banking.AccountNGTest.testSetHasLimitedWithdrawals(AccountNGTest.java:167)
at java.base/jdk.internal.reflect.NativeMethodAccessorImpl.invoke0(Native Method)
at java.base/jdk.internal.reflect.NativeMethodAccessorImpl.invoke(NativeMethodAccessorImpl.java:62)
at java.base/jdk.internal.reflect.DelegatingMethodAccessorImpl.invoke(DelegatingMethodAccessorImpl.java:43)
at java.base/java.lang.reflect.Method.invoke(Method.java:566)
at org.testng.internal.MethodInvocationHelper.invokeMethod(MethodInvocationHelper.java:124)
at org.testng.internal.Invoker.invokeMethod(Invoker.java:583)
at org.testng.internal.Invoker.invokeTestMethod(Invoker.java:719)
at org.testng.internal.Invoker.invokeTestMethods(Invoker.java:989)
at org.testng.internal.TestMethodWorker.invokeTestMethods(TestMethodWorker.java:125)
at org.testng.internal.TestMethodWorker.run(TestMethodWorker.java:109)
at org.testng.TestRunner.privateRun(TestRunner.java:648)
at org.testng.TestRunner.run(TestRunner.java:505)
at org.testng.SuiteRunner.runTest(SuiteRunner.java:455)
at org.testng.SuiteRunner.runSequentially(SuiteRunner.java:450)
at org.testng.SuiteRunner.privateRun(SuiteRunner.java:415)
at org.testng.SuiteRunner.run(SuiteRunner.java:364)
at org.testng.SuiteRunnerWorker.runSuite(SuiteRunnerWorker.java:52)
at org.testng.SuiteRunnerWorker.run(SuiteRunnerWorker.java:84)
at org.testng.TestNG.runSuitesSequentially(TestNG.java:1208)
at org.testng.TestNG.runSuitesLocally(TestNG.java:1137)
at org.testng.TestNG.runSuites(TestNG.java:1049)
at org.testng.TestNG.run(TestNG.java:1017)
at org.testng.TestNG.privateMain(TestNG.java:1354)
at org.testng.TestNG.main(TestNG.java:1323)
]]>
            </full-stacktrace>
          </exception> <!-- java.lang.NullPointerException -->
          <reporter-output>
          </reporter-output>
        </test-method> <!-- testSetHasLimitedWithdrawals -->
        <test-method is-config="true" signature="tearDownMethod()[pri:0, instance:banking.AccountNGTest@1f1c7bf6]" started-at="2021-03-18T05:07:48Z" name="tearDownMethod" finished-at="2021-03-18T05:07:48Z" duration-ms="0" status="PASS">
          <reporter-output>
          </reporter-output>
        </test-method> <!-- tearDownMethod -->
        <test-method signature="testSetTransaction()[pri:0, instance:banking.AccountNGTest@1f1c7bf6]" started-at="2021-03-18T05:07:48Z" name="testSetTransaction" finished-at="2021-03-18T05:07:48Z" duration-ms="1" status="FAIL">
          <exception class="java.lang.NullPointerException">
            <full-stacktrace>
              <![CDATA[java.lang.NullPointerException
at banking.AccountNGTest.testSetTransaction(AccountNGTest.java:141)
at java.base/jdk.internal.reflect.NativeMethodAccessorImpl.invoke0(Native Method)
at java.base/jdk.internal.reflect.NativeMethodAccessorImpl.invoke(NativeMethodAccessorImpl.java:62)
at java.base/jdk.internal.reflect.DelegatingMethodAccessorImpl.invoke(DelegatingMethodAccessorImpl.java:43)
at java.base/java.lang.reflect.Method.invoke(Method.java:566)
at org.testng.internal.MethodInvocationHelper.invokeMethod(MethodInvocationHelper.java:124)
at org.testng.internal.Invoker.invokeMethod(Invoker.java:583)
at org.testng.internal.Invoker.invokeTestMethod(Invoker.java:719)
at org.testng.internal.Invoker.invokeTestMethods(Invoker.java:989)
at org.testng.internal.TestMethodWorker.invokeTestMethods(TestMethodWorker.java:125)
at org.testng.internal.TestMethodWorker.run(TestMethodWorker.java:109)
at org.testng.TestRunner.privateRun(TestRunner.java:648)
at org.testng.TestRunner.run(TestRunner.java:505)
at org.testng.SuiteRunner.runTest(SuiteRunner.java:455)
at org.testng.SuiteRunner.runSequentially(SuiteRunner.java:450)
at org.testng.SuiteRunner.privateRun(SuiteRunner.java:415)
at org.testng.SuiteRunner.run(SuiteRunner.java:364)
at org.testng.SuiteRunnerWorker.runSuite(SuiteRunnerWorker.java:52)
at org.testng.SuiteRunnerWorker.run(SuiteRunnerWorker.java:84)
at org.testng.TestNG.runSuitesSequentially(TestNG.java:1208)
at org.testng.TestNG.runSuitesLocally(TestNG.java:1137)
at org.testng.TestNG.runSuites(TestNG.java:1049)
at org.testng.TestNG.run(TestNG.java:1017)
at org.testng.TestNG.privateMain(TestNG.java:1354)
at org.testng.TestNG.main(TestNG.java:1323)
]]>
            </full-stacktrace>
          </exception> <!-- java.lang.NullPointerException -->
          <reporter-output>
          </reporter-output>
        </test-method> <!-- testSetTransaction -->
        <test-method is-config="true" signature="setUpMethod()[pri:0, instance:banking.AccountNGTest@1f1c7bf6]" started-at="2021-03-18T05:07:48Z" name="setUpMethod" finished-at="2021-03-18T05:07:48Z" duration-ms="0" status="PASS">
          <reporter-output>
          </reporter-output>
        </test-method> <!-- setUpMethod -->
        <test-method is-config="true" signature="tearDownMethod()[pri:0, instance:banking.AccountNGTest@1f1c7bf6]" started-at="2021-03-18T05:07:48Z" name="tearDownMethod" finished-at="2021-03-18T05:07:48Z" duration-ms="0" status="PASS">
          <reporter-output>
          </reporter-output>
        </test-method> <!-- tearDownMethod -->
        <test-method is-config="true" signature="tearDownClass()[pri:0, instance:banking.AccountNGTest@1f1c7bf6]" started-at="2021-03-18T05:07:48Z" name="tearDownClass" finished-at="2021-03-18T05:07:48Z" duration-ms="0" status="PASS">
          <reporter-output>
          </reporter-output>
        </test-method> <!-- tearDownClass -->
      </class> <!-- banking.AccountNGTest -->
    </test> <!-- TestNG tests -->
  </suite> <!-- Gunda_Lab06NGTesting -->
</testng-results>
